1743408199.586012 client started (24461): version 3.5a, socket /private/tmp/tmux-502/test, protocol 8
1743408199.586077 on Darwin 24.3.0 Darwin Kernel Version 24.3.0: Thu Jan  2 20:24:16 PST 2025; root:xnu-11215.81.4~3/RELEASE_ARM64_T6000
1743408199.586090 using libevent 2.1.12-stable select
1743408199.586099 using utf8proc 2.10.0
1743408199.586104 using ncurses 6.5 20240427
1743408199.586117 flags are 0x18010000
1743408199.586121 socket is /private/tmp/tmux-502/test
1743408199.586131 trying connect
1743408199.586142 connect failed: Connection refused
1743408199.586154 lock file is /private/tmp/tmux-502/test.lock
1743408199.586240 flock succeeded
1743408199.586245 got lock (6)
1743408199.586253 trying connect
1743408199.586259 connect failed: Connection refused
1743408199.586672 add peer 0x120008000: 7 (0x0)
1743408199.588220 sending message 111 to peer 0x120008000 (8 bytes)
1743408199.588235 sending message 111 to peer 0x120008000 (8 bytes)
1743408199.588248 sending message 101 to peer 0x120008000 (12 bytes)
1743408199.588255 sending message 109 to peer 0x120008000 (4 bytes)
1743408199.588265 sending message 102 to peer 0x120008000 (13 bytes)
1743408199.588276 sending message 108 to peer 0x120008000 (42 bytes)
1743408199.588288 sending message 112 to peer 0x120008000 (70 bytes)
1743408199.588301 sending message 112 to peer 0x120008000 (5 bytes)
1743408199.588310 sending message 112 to peer 0x120008000 (6 bytes)
1743408199.588320 sending message 112 to peer 0x120008000 (6 bytes)
1743408199.588330 sending message 112 to peer 0x120008000 (10 bytes)
1743408199.588340 sending message 112 to peer 0x120008000 (13 bytes)
1743408199.588353 sending message 112 to peer 0x120008000 (14 bytes)
1743408199.588362 sending message 112 to peer 0x120008000 (19 bytes)
1743408199.588373 sending message 112 to peer 0x120008000 (11 bytes)
1743408199.588408 sending message 112 to peer 0x120008000 (10 bytes)
1743408199.588423 sending message 112 to peer 0x120008000 (15 bytes)
1743408199.588432 sending message 112 to peer 0x120008000 (21 bytes)
1743408199.588444 sending message 112 to peer 0x120008000 (13 bytes)
1743408199.588457 sending message 112 to peer 0x120008000 (7 bytes)
1743408199.588467 sending message 112 to peer 0x120008000 (13 bytes)
1743408199.588477 sending message 112 to peer 0x120008000 (7 bytes)
1743408199.588488 sending message 112 to peer 0x120008000 (13 bytes)
1743408199.588501 sending message 112 to peer 0x120008000 (9 bytes)
1743408199.588511 sending message 112 to peer 0x120008000 (21 bytes)
1743408199.588520 sending message 112 to peer 0x120008000 (13 bytes)
1743408199.588531 sending message 112 to peer 0x120008000 (9 bytes)
1743408199.588542 sending message 112 to peer 0x120008000 (16 bytes)
1743408199.588555 sending message 112 to peer 0x120008000 (13 bytes)
1743408199.588565 sending message 112 to peer 0x120008000 (9 bytes)
1743408199.588572 sending message 112 to peer 0x120008000 (9 bytes)
1743408199.588620 sending message 112 to peer 0x120008000 (12 bytes)
1743408199.588637 sending message 112 to peer 0x120008000 (8 bytes)
1743408199.588648 sending message 112 to peer 0x120008000 (13 bytes)
1743408199.588662 sending message 112 to peer 0x120008000 (7 bytes)
1743408199.588673 sending message 112 to peer 0x120008000 (7 bytes)
1743408199.588685 sending message 112 to peer 0x120008000 (9 bytes)
1743408199.588700 sending message 112 to peer 0x120008000 (6 bytes)
1743408199.588713 sending message 112 to peer 0x120008000 (9 bytes)
1743408199.588722 sending message 112 to peer 0x120008000 (15 bytes)
1743408199.588734 sending message 112 to peer 0x120008000 (13 bytes)
1743408199.588745 sending message 112 to peer 0x120008000 (12 bytes)
1743408199.588757 sending message 112 to peer 0x120008000 (8 bytes)
1743408199.588768 sending message 112 to peer 0x120008000 (14 bytes)
1743408199.588780 sending message 112 to peer 0x120008000 (9 bytes)
1743408199.588793 sending message 112 to peer 0x120008000 (10 bytes)
1743408199.588803 sending message 112 to peer 0x120008000 (10 bytes)
1743408199.588812 sending message 112 to peer 0x120008000 (10 bytes)
1743408199.588852 sending message 112 to peer 0x120008000 (10 bytes)
1743408199.588865 sending message 112 to peer 0x120008000 (11 bytes)
1743408199.588875 sending message 112 to peer 0x120008000 (12 bytes)
1743408199.588883 sending message 112 to peer 0x120008000 (12 bytes)
1743408199.588891 sending message 112 to peer 0x120008000 (12 bytes)
1743408199.588900 sending message 112 to peer 0x120008000 (12 bytes)
1743408199.588908 sending message 112 to peer 0x120008000 (12 bytes)
1743408199.588916 sending message 112 to peer 0x120008000 (11 bytes)
1743408199.588925 sending message 112 to peer 0x120008000 (11 bytes)
1743408199.588933 sending message 112 to peer 0x120008000 (12 bytes)
1743408199.588943 sending message 112 to peer 0x120008000 (12 bytes)
1743408199.588952 sending message 112 to peer 0x120008000 (12 bytes)
1743408199.588960 sending message 112 to peer 0x120008000 (12 bytes)
1743408199.588969 sending message 112 to peer 0x120008000 (12 bytes)
1743408199.588977 sending message 112 to peer 0x120008000 (9 bytes)
1743408199.588985 sending message 112 to peer 0x120008000 (12 bytes)
1743408199.588993 sending message 112 to peer 0x120008000 (13 bytes)
1743408199.589003 sending message 112 to peer 0x120008000 (13 bytes)
1743408199.589012 sending message 112 to peer 0x120008000 (13 bytes)
1743408199.589022 sending message 112 to peer 0x120008000 (13 bytes)
1743408199.589032 sending message 112 to peer 0x120008000 (13 bytes)
1743408199.589042 sending message 112 to peer 0x120008000 (8 bytes)
1743408199.589052 sending message 112 to peer 0x120008000 (11 bytes)
1743408199.589062 sending message 112 to peer 0x120008000 (11 bytes)
1743408199.589073 sending message 112 to peer 0x120008000 (11 bytes)
1743408199.589083 sending message 112 to peer 0x120008000 (12 bytes)
1743408199.589094 sending message 112 to peer 0x120008000 (12 bytes)
1743408199.589102 sending message 112 to peer 0x120008000 (13 bytes)
1743408199.589110 sending message 112 to peer 0x120008000 (12 bytes)
1743408199.589118 sending message 112 to peer 0x120008000 (13 bytes)
1743408199.589127 sending message 112 to peer 0x120008000 (13 bytes)
1743408199.589135 sending message 112 to peer 0x120008000 (13 bytes)
1743408199.589145 sending message 112 to peer 0x120008000 (8 bytes)
1743408199.589154 sending message 112 to peer 0x120008000 (13 bytes)
1743408199.589164 sending message 112 to peer 0x120008000 (13 bytes)
1743408199.589174 sending message 112 to peer 0x120008000 (13 bytes)
1743408199.589184 sending message 112 to peer 0x120008000 (13 bytes)
1743408199.589194 sending message 112 to peer 0x120008000 (13 bytes)
1743408199.589203 sending message 112 to peer 0x120008000 (12 bytes)
1743408199.589212 sending message 112 to peer 0x120008000 (12 bytes)
1743408199.589223 sending message 112 to peer 0x120008000 (13 bytes)
1743408199.589234 sending message 112 to peer 0x120008000 (12 bytes)
1743408199.589245 sending message 112 to peer 0x120008000 (13 bytes)
1743408199.589256 sending message 112 to peer 0x120008000 (8 bytes)
1743408199.589266 sending message 112 to peer 0x120008000 (13 bytes)
1743408199.589278 sending message 112 to peer 0x120008000 (13 bytes)
1743408199.589281 sending message 112 to peer 0x120008000 (13 bytes)
1743408199.589284 sending message 112 to peer 0x120008000 (13 bytes)
1743408199.589289 sending message 112 to peer 0x120008000 (13 bytes)
1743408199.589297 sending message 112 to peer 0x120008000 (13 bytes)
1743408199.589305 sending message 112 to peer 0x120008000 (13 bytes)
1743408199.589315 sending message 112 to peer 0x120008000 (12 bytes)
1743408199.589325 sending message 112 to peer 0x120008000 (12 bytes)
1743408199.589334 sending message 112 to peer 0x120008000 (13 bytes)
1743408199.589345 sending message 112 to peer 0x120008000 (8 bytes)
1743408199.589357 sending message 112 to peer 0x120008000 (12 bytes)
1743408199.589366 sending message 112 to peer 0x120008000 (13 bytes)
1743408199.589377 sending message 112 to peer 0x120008000 (13 bytes)
1743408199.589388 sending message 112 to peer 0x120008000 (13 bytes)
1743408199.589392 sending message 112 to peer 0x120008000 (13 bytes)
1743408199.589420 sending message 112 to peer 0x120008000 (13 bytes)
1743408199.589428 sending message 112 to peer 0x120008000 (13 bytes)
1743408199.589435 sending message 112 to peer 0x120008000 (13 bytes)
1743408199.589442 sending message 112 to peer 0x120008000 (13 bytes)
1743408199.589451 sending message 112 to peer 0x120008000 (12 bytes)
1743408199.589455 sending message 112 to peer 0x120008000 (10 bytes)
1743408199.589458 sending message 112 to peer 0x120008000 (12 bytes)
1743408199.589461 sending message 112 to peer 0x120008000 (13 bytes)
1743408199.589473 sending message 112 to peer 0x120008000 (12 bytes)
1743408199.589476 sending message 112 to peer 0x120008000 (13 bytes)
1743408199.589479 sending message 112 to peer 0x120008000 (13 bytes)
1743408199.589490 sending message 112 to peer 0x120008000 (13 bytes)
1743408199.589494 sending message 112 to peer 0x120008000 (13 bytes)
1743408199.589503 sending message 112 to peer 0x120008000 (13 bytes)
1743408199.589514 sending message 112 to peer 0x120008000 (13 bytes)
1743408199.589519 sending message 112 to peer 0x120008000 (13 bytes)
1743408199.589527 sending message 112 to peer 0x120008000 (10 bytes)
1743408199.589535 sending message 112 to peer 0x120008000 (13 bytes)
1743408199.589543 sending message 112 to peer 0x120008000 (12 bytes)
1743408199.589551 sending message 112 to peer 0x120008000 (12 bytes)
1743408199.589563 sending message 112 to peer 0x120008000 (13 bytes)
1743408199.589566 sending message 112 to peer 0x120008000 (10 bytes)
1743408199.589569 sending message 112 to peer 0x120008000 (10 bytes)
1743408199.589572 sending message 112 to peer 0x120008000 (10 bytes)
1743408199.589582 sending message 112 to peer 0x120008000 (12 bytes)
1743408199.589586 sending message 112 to peer 0x120008000 (13 bytes)
1743408199.589597 sending message 112 to peer 0x120008000 (13 bytes)
1743408199.589603 sending message 112 to peer 0x120008000 (13 bytes)
1743408199.589611 sending message 112 to peer 0x120008000 (13 bytes)
1743408199.589619 sending message 112 to peer 0x120008000 (13 bytes)
1743408199.589627 sending message 112 to peer 0x120008000 (10 bytes)
1743408199.589635 sending message 112 to peer 0x120008000 (11 bytes)
1743408199.589643 sending message 112 to peer 0x120008000 (12 bytes)
1743408199.589654 sending message 112 to peer 0x120008000 (12 bytes)
1743408199.589664 sending message 112 to peer 0x120008000 (12 bytes)
1743408199.589673 sending message 112 to peer 0x120008000 (12 bytes)
1743408199.589682 sending message 112 to peer 0x120008000 (12 bytes)
1743408199.589692 sending message 112 to peer 0x120008000 (11 bytes)
1743408199.589701 sending message 112 to peer 0x120008000 (12 bytes)
1743408199.589710 sending message 112 to peer 0x120008000 (12 bytes)
1743408199.589720 sending message 112 to peer 0x120008000 (13 bytes)
1743408199.589730 sending message 112 to peer 0x120008000 (13 bytes)
1743408199.589740 sending message 112 to peer 0x120008000 (13 bytes)
1743408199.589751 sending message 112 to peer 0x120008000 (13 bytes)
1743408199.589755 sending message 112 to peer 0x120008000 (13 bytes)
1743408199.589764 sending message 112 to peer 0x120008000 (10 bytes)
1743408199.589774 sending message 112 to peer 0x120008000 (9 bytes)
1743408199.589778 sending message 112 to peer 0x120008000 (12 bytes)
1743408199.589786 sending message 112 to peer 0x120008000 (13 bytes)
1743408199.589794 sending message 112 to peer 0x120008000 (13 bytes)
1743408199.589802 sending message 112 to peer 0x120008000 (13 bytes)
1743408199.589810 sending message 112 to peer 0x120008000 (13 bytes)
1743408199.589818 sending message 112 to peer 0x120008000 (13 bytes)
1743408199.589826 sending message 112 to peer 0x120008000 (9 bytes)
1743408199.589836 sending message 112 to peer 0x120008000 (12 bytes)
1743408199.589838 sending message 112 to peer 0x120008000 (13 bytes)
1743408199.589844 sending message 112 to peer 0x120008000 (13 bytes)
1743408199.589851 sending message 112 to peer 0x120008000 (13 bytes)
1743408199.589861 sending message 112 to peer 0x120008000 (13 bytes)
1743408199.589881 sending message 112 to peer 0x120008000 (13 bytes)
1743408199.589889 sending message 112 to peer 0x120008000 (11 bytes)
1743408199.589897 sending message 112 to peer 0x120008000 (12 bytes)
1743408199.589904 sending message 112 to peer 0x120008000 (13 bytes)
1743408199.589914 sending message 112 to peer 0x120008000 (13 bytes)
1743408199.589923 sending message 112 to peer 0x120008000 (13 bytes)
1743408199.589933 sending message 112 to peer 0x120008000 (13 bytes)
1743408199.589941 sending message 112 to peer 0x120008000 (13 bytes)
1743408199.589952 sending message 112 to peer 0x120008000 (11 bytes)
1743408199.589959 sending message 112 to peer 0x120008000 (12 bytes)
1743408199.589969 sending message 112 to peer 0x120008000 (12 bytes)
1743408199.589978 sending message 112 to peer 0x120008000 (12 bytes)
1743408199.589988 sending message 112 to peer 0x120008000 (12 bytes)
1743408199.589997 sending message 112 to peer 0x120008000 (12 bytes)
1743408199.590006 sending message 112 to peer 0x120008000 (22 bytes)
1743408199.590016 sending message 112 to peer 0x120008000 (12 bytes)
1743408199.590026 sending message 112 to peer 0x120008000 (9 bytes)
1743408199.590034 sending message 112 to peer 0x120008000 (6 bytes)
1743408199.590041 sending message 112 to peer 0x120008000 (13 bytes)
1743408199.590049 sending message 112 to peer 0x120008000 (10 bytes)
1743408199.590057 sending message 112 to peer 0x120008000 (15 bytes)
1743408199.590068 sending message 112 to peer 0x120008000 (11 bytes)
1743408199.590076 sending message 112 to peer 0x120008000 (9 bytes)
1743408199.590084 sending message 112 to peer 0x120008000 (70 bytes)
1743408199.590090 sending message 112 to peer 0x120008000 (69 bytes)
1743408199.590098 sending message 112 to peer 0x120008000 (34 bytes)
1743408199.590101 sending message 112 to peer 0x120008000 (34 bytes)
1743408199.590112 sending message 112 to peer 0x120008000 (69 bytes)
1743408199.590121 sending message 112 to peer 0x120008000 (12 bytes)
1743408199.590131 sending message 112 to peer 0x120008000 (10 bytes)
1743408199.590142 sending message 112 to peer 0x120008000 (10 bytes)
1743408199.590152 sending message 112 to peer 0x120008000 (15 bytes)
1743408199.590162 sending message 112 to peer 0x120008000 (11 bytes)
1743408199.590173 sending message 112 to peer 0x120008000 (10 bytes)
1743408199.590178 sending message 112 to peer 0x120008000 (10 bytes)
1743408199.590186 sending message 112 to peer 0x120008000 (17 bytes)
1743408199.590194 sending message 112 to peer 0x120008000 (10 bytes)
1743408199.590202 sending message 112 to peer 0x120008000 (13 bytes)
1743408199.590209 sending message 112 to peer 0x120008000 (17 bytes)
1743408199.590219 sending message 112 to peer 0x120008000 (5 bytes)
1743408199.590227 sending message 112 to peer 0x120008000 (9 bytes)
1743408199.590232 sending message 112 to peer 0x120008000 (15 bytes)
1743408199.590240 sending message 104 to peer 0x120008000 (0 bytes)
1743408199.590252 sending message 110 to peer 0x120008000 (0 bytes)
1743408199.590262 sending message 107 to peer 0x120008000 (4 bytes)
1743408199.590269 sending message 105 to peer 0x120008000 (19 bytes)
1743408199.590277 sending message 105 to peer 0x120008000 (20 bytes)
1743408199.590285 sending message 105 to peer 0x120008000 (18 bytes)
1743408199.590294 sending message 105 to peer 0x120008000 (22 bytes)
1743408199.590303 sending message 105 to peer 0x120008000 (54 bytes)
1743408199.590319 sending message 105 to peer 0x120008000 (24 bytes)
1743408199.590327 sending message 105 to peer 0x120008000 (228 bytes)
1743408199.590338 sending message 105 to peer 0x120008000 (57 bytes)
1743408199.590348 sending message 105 to peer 0x120008000 (17 bytes)
1743408199.590356 sending message 105 to peer 0x120008000 (67 bytes)
1743408199.590364 sending message 105 to peer 0x120008000 (72 bytes)
1743408199.590366 sending message 105 to peer 0x120008000 (42 bytes)
1743408199.590377 sending message 105 to peer 0x120008000 (66 bytes)
1743408199.590381 sending message 105 to peer 0x120008000 (56 bytes)
1743408199.590389 sending message 105 to peer 0x120008000 (19 bytes)
1743408199.590418 sending message 105 to peer 0x120008000 (14 bytes)
1743408199.590427 sending message 105 to peer 0x120008000 (14 bytes)
1743408199.590436 sending message 105 to peer 0x120008000 (60 bytes)
1743408199.590445 sending message 105 to peer 0x120008000 (13 bytes)
1743408199.590454 sending message 105 to peer 0x120008000 (17 bytes)
1743408199.590464 sending message 105 to peer 0x120008000 (36 bytes)
1743408199.590473 sending message 105 to peer 0x120008000 (26 bytes)
1743408199.590483 sending message 105 to peer 0x120008000 (15 bytes)
1743408199.590492 sending message 105 to peer 0x120008000 (38 bytes)
1743408199.590500 sending message 105 to peer 0x120008000 (22 bytes)
1743408199.590508 sending message 105 to peer 0x120008000 (46 bytes)
1743408199.590515 sending message 105 to peer 0x120008000 (8 bytes)
1743408199.590523 sending message 105 to peer 0x120008000 (41 bytes)
1743408199.590532 sending message 105 to peer 0x120008000 (36 bytes)
1743408199.590543 sending message 105 to peer 0x120008000 (12 bytes)
1743408199.590551 sending message 105 to peer 0x120008000 (76 bytes)
1743408199.590561 sending message 105 to peer 0x120008000 (53 bytes)
1743408199.590572 sending message 105 to peer 0x120008000 (14 bytes)
1743408199.590582 sending message 105 to peer 0x120008000 (166 bytes)
1743408199.590595 sending message 105 to peer 0x120008000 (127 bytes)
1743408199.590606 sending message 105 to peer 0x120008000 (119 bytes)
1743408199.590614 sending message 105 to peer 0x120008000 (66 bytes)
1743408199.590624 sending message 105 to peer 0x120008000 (100 bytes)
1743408199.590628 sending message 105 to peer 0x120008000 (25 bytes)
1743408199.590636 sending message 105 to peer 0x120008000 (184 bytes)
1743408199.590644 sending message 105 to peer 0x120008000 (46 bytes)
1743408199.590652 sending message 105 to peer 0x120008000 (20 bytes)
1743408199.590660 sending message 105 to peer 0x120008000 (14 bytes)
1743408199.590668 sending message 105 to peer 0x120008000 (13 bytes)
1743408199.590676 sending message 105 to peer 0x120008000 (29 bytes)
1743408199.590685 sending message 105 to peer 0x120008000 (30 bytes)
1743408199.590695 sending message 105 to peer 0x120008000 (37 bytes)
1743408199.590703 sending message 105 to peer 0x120008000 (34 bytes)
1743408199.590712 sending message 105 to peer 0x120008000 (35 bytes)
1743408199.590720 sending message 105 to peer 0x120008000 (16 bytes)
1743408199.590728 sending message 105 to peer 0x120008000 (16 bytes)
1743408199.590737 sending message 105 to peer 0x120008000 (13 bytes)
1743408199.590747 sending message 105 to peer 0x120008000 (19 bytes)
1743408199.590756 sending message 105 to peer 0x120008000 (38 bytes)
1743408199.590766 sending message 105 to peer 0x120008000 (45 bytes)
1743408199.590776 sending message 106 to peer 0x120008000 (0 bytes)
1743408199.590840 cmd_pack_argv: argv[0]=new-session
1743408199.590849 sending message 200 to peer 0x120008000 (16 bytes)
1743408199.590860 client loop enter
1743408199.590886 client_signal: Child exited: 20
1743408201.589841 peer 0x120008000 message 207
1743408201.589854 sending message 208 to peer 0x120008000 (0 bytes)
1743408206.279773 peer 0x120008000 message 203
1743408206.279785 sending message 205 to peer 0x120008000 (0 bytes)
1743408206.280072 peer 0x120008000 message 204
1743408206.280083 client loop exit
