1743408302.678564 client started (26382): version 3.5a, socket /private/tmp/tmux-502/test, protocol 8
1743408302.678606 on Darwin 24.3.0 Darwin Kernel Version 24.3.0: Thu Jan  2 20:24:16 PST 2025; root:xnu-11215.81.4~3/RELEASE_ARM64_T6000
1743408302.678623 using libevent 2.1.12-stable select
1743408302.678633 using utf8proc 2.10.0
1743408302.678639 using ncurses 6.5 20240427
1743408302.678655 flags are 0x18010000
1743408302.678661 socket is /private/tmp/tmux-502/test
1743408302.678672 trying connect
1743408302.678686 connect failed: Connection refused
1743408302.678699 lock file is /private/tmp/tmux-502/test.lock
1743408302.678801 flock succeeded
1743408302.678809 got lock (6)
1743408302.678816 trying connect
1743408302.678824 connect failed: Connection refused
1743408302.679237 add peer 0x148048000: 7 (0x0)
1743408302.681165 sending message 111 to peer 0x148048000 (8 bytes)
1743408302.681177 sending message 111 to peer 0x148048000 (8 bytes)
1743408302.681184 sending message 101 to peer 0x148048000 (12 bytes)
1743408302.681190 sending message 109 to peer 0x148048000 (4 bytes)
1743408302.681195 sending message 102 to peer 0x148048000 (13 bytes)
1743408302.681201 sending message 108 to peer 0x148048000 (42 bytes)
1743408302.681207 sending message 112 to peer 0x148048000 (70 bytes)
1743408302.681213 sending message 112 to peer 0x148048000 (5 bytes)
1743408302.681219 sending message 112 to peer 0x148048000 (6 bytes)
1743408302.681225 sending message 112 to peer 0x148048000 (6 bytes)
1743408302.681230 sending message 112 to peer 0x148048000 (10 bytes)
1743408302.681237 sending message 112 to peer 0x148048000 (13 bytes)
1743408302.681244 sending message 112 to peer 0x148048000 (14 bytes)
1743408302.681250 sending message 112 to peer 0x148048000 (19 bytes)
1743408302.681257 sending message 112 to peer 0x148048000 (11 bytes)
1743408302.681263 sending message 112 to peer 0x148048000 (10 bytes)
1743408302.681268 sending message 112 to peer 0x148048000 (15 bytes)
1743408302.681274 sending message 112 to peer 0x148048000 (21 bytes)
1743408302.681279 sending message 112 to peer 0x148048000 (13 bytes)
1743408302.681284 sending message 112 to peer 0x148048000 (7 bytes)
1743408302.681290 sending message 112 to peer 0x148048000 (13 bytes)
1743408302.681300 sending message 112 to peer 0x148048000 (7 bytes)
1743408302.681311 sending message 112 to peer 0x148048000 (13 bytes)
1743408302.681324 sending message 112 to peer 0x148048000 (9 bytes)
1743408302.681337 sending message 112 to peer 0x148048000 (21 bytes)
1743408302.681351 sending message 112 to peer 0x148048000 (13 bytes)
1743408302.681365 sending message 112 to peer 0x148048000 (9 bytes)
1743408302.681379 sending message 112 to peer 0x148048000 (16 bytes)
1743408302.681391 sending message 112 to peer 0x148048000 (13 bytes)
1743408302.681403 sending message 112 to peer 0x148048000 (9 bytes)
1743408302.681417 sending message 112 to peer 0x148048000 (9 bytes)
1743408302.681431 sending message 112 to peer 0x148048000 (12 bytes)
1743408302.681447 sending message 112 to peer 0x148048000 (8 bytes)
1743408302.681459 sending message 112 to peer 0x148048000 (13 bytes)
1743408302.681525 sending message 112 to peer 0x148048000 (7 bytes)
1743408302.681555 sending message 112 to peer 0x148048000 (7 bytes)
1743408302.681565 sending message 112 to peer 0x148048000 (9 bytes)
1743408302.681572 sending message 112 to peer 0x148048000 (6 bytes)
1743408302.681580 sending message 112 to peer 0x148048000 (9 bytes)
1743408302.681587 sending message 112 to peer 0x148048000 (15 bytes)
1743408302.681595 sending message 112 to peer 0x148048000 (13 bytes)
1743408302.681602 sending message 112 to peer 0x148048000 (12 bytes)
1743408302.681609 sending message 112 to peer 0x148048000 (8 bytes)
1743408302.681616 sending message 112 to peer 0x148048000 (14 bytes)
1743408302.681624 sending message 112 to peer 0x148048000 (9 bytes)
1743408302.681630 sending message 112 to peer 0x148048000 (10 bytes)
1743408302.681637 sending message 112 to peer 0x148048000 (10 bytes)
1743408302.681645 sending message 112 to peer 0x148048000 (10 bytes)
1743408302.681674 sending message 112 to peer 0x148048000 (10 bytes)
1743408302.681680 sending message 112 to peer 0x148048000 (11 bytes)
1743408302.681685 sending message 112 to peer 0x148048000 (12 bytes)
1743408302.681691 sending message 112 to peer 0x148048000 (12 bytes)
1743408302.681696 sending message 112 to peer 0x148048000 (12 bytes)
1743408302.681702 sending message 112 to peer 0x148048000 (12 bytes)
1743408302.681707 sending message 112 to peer 0x148048000 (12 bytes)
1743408302.681712 sending message 112 to peer 0x148048000 (11 bytes)
1743408302.681717 sending message 112 to peer 0x148048000 (11 bytes)
1743408302.681722 sending message 112 to peer 0x148048000 (12 bytes)
1743408302.681727 sending message 112 to peer 0x148048000 (12 bytes)
1743408302.681732 sending message 112 to peer 0x148048000 (12 bytes)
1743408302.681737 sending message 112 to peer 0x148048000 (12 bytes)
1743408302.681742 sending message 112 to peer 0x148048000 (12 bytes)
1743408302.681748 sending message 112 to peer 0x148048000 (9 bytes)
1743408302.681753 sending message 112 to peer 0x148048000 (12 bytes)
1743408302.681760 sending message 112 to peer 0x148048000 (13 bytes)
1743408302.681765 sending message 112 to peer 0x148048000 (13 bytes)
1743408302.681771 sending message 112 to peer 0x148048000 (13 bytes)
1743408302.681776 sending message 112 to peer 0x148048000 (13 bytes)
1743408302.681782 sending message 112 to peer 0x148048000 (13 bytes)
1743408302.681787 sending message 112 to peer 0x148048000 (8 bytes)
1743408302.681793 sending message 112 to peer 0x148048000 (11 bytes)
1743408302.681798 sending message 112 to peer 0x148048000 (11 bytes)
1743408302.681803 sending message 112 to peer 0x148048000 (11 bytes)
1743408302.681808 sending message 112 to peer 0x148048000 (12 bytes)
1743408302.681814 sending message 112 to peer 0x148048000 (12 bytes)
1743408302.681819 sending message 112 to peer 0x148048000 (13 bytes)
1743408302.681824 sending message 112 to peer 0x148048000 (12 bytes)
1743408302.681829 sending message 112 to peer 0x148048000 (13 bytes)
1743408302.681836 sending message 112 to peer 0x148048000 (13 bytes)
1743408302.681841 sending message 112 to peer 0x148048000 (13 bytes)
1743408302.681848 sending message 112 to peer 0x148048000 (8 bytes)
1743408302.681854 sending message 112 to peer 0x148048000 (13 bytes)
1743408302.681860 sending message 112 to peer 0x148048000 (13 bytes)
1743408302.681865 sending message 112 to peer 0x148048000 (13 bytes)
1743408302.681871 sending message 112 to peer 0x148048000 (13 bytes)
1743408302.681876 sending message 112 to peer 0x148048000 (13 bytes)
1743408302.681881 sending message 112 to peer 0x148048000 (12 bytes)
1743408302.681886 sending message 112 to peer 0x148048000 (12 bytes)
1743408302.681891 sending message 112 to peer 0x148048000 (13 bytes)
1743408302.681896 sending message 112 to peer 0x148048000 (12 bytes)
1743408302.681901 sending message 112 to peer 0x148048000 (13 bytes)
1743408302.681906 sending message 112 to peer 0x148048000 (8 bytes)
1743408302.681911 sending message 112 to peer 0x148048000 (13 bytes)
1743408302.681917 sending message 112 to peer 0x148048000 (13 bytes)
1743408302.681921 sending message 112 to peer 0x148048000 (13 bytes)
1743408302.681927 sending message 112 to peer 0x148048000 (13 bytes)
1743408302.681933 sending message 112 to peer 0x148048000 (13 bytes)
1743408302.681938 sending message 112 to peer 0x148048000 (13 bytes)
1743408302.681943 sending message 112 to peer 0x148048000 (13 bytes)
1743408302.681949 sending message 112 to peer 0x148048000 (12 bytes)
1743408302.681954 sending message 112 to peer 0x148048000 (12 bytes)
1743408302.681959 sending message 112 to peer 0x148048000 (13 bytes)
1743408302.681965 sending message 112 to peer 0x148048000 (8 bytes)
1743408302.681970 sending message 112 to peer 0x148048000 (12 bytes)
1743408302.681975 sending message 112 to peer 0x148048000 (13 bytes)
1743408302.681980 sending message 112 to peer 0x148048000 (13 bytes)
1743408302.681987 sending message 112 to peer 0x148048000 (13 bytes)
1743408302.681993 sending message 112 to peer 0x148048000 (13 bytes)
1743408302.682007 sending message 112 to peer 0x148048000 (13 bytes)
1743408302.682013 sending message 112 to peer 0x148048000 (13 bytes)
1743408302.682018 sending message 112 to peer 0x148048000 (13 bytes)
1743408302.682023 sending message 112 to peer 0x148048000 (13 bytes)
1743408302.682028 sending message 112 to peer 0x148048000 (12 bytes)
1743408302.682033 sending message 112 to peer 0x148048000 (10 bytes)
1743408302.682040 sending message 112 to peer 0x148048000 (12 bytes)
1743408302.682046 sending message 112 to peer 0x148048000 (13 bytes)
1743408302.682052 sending message 112 to peer 0x148048000 (12 bytes)
1743408302.682058 sending message 112 to peer 0x148048000 (13 bytes)
1743408302.682063 sending message 112 to peer 0x148048000 (13 bytes)
1743408302.682068 sending message 112 to peer 0x148048000 (13 bytes)
1743408302.682073 sending message 112 to peer 0x148048000 (13 bytes)
1743408302.682078 sending message 112 to peer 0x148048000 (13 bytes)
1743408302.682083 sending message 112 to peer 0x148048000 (13 bytes)
1743408302.682088 sending message 112 to peer 0x148048000 (13 bytes)
1743408302.682093 sending message 112 to peer 0x148048000 (10 bytes)
1743408302.682098 sending message 112 to peer 0x148048000 (13 bytes)
1743408302.682104 sending message 112 to peer 0x148048000 (12 bytes)
1743408302.682109 sending message 112 to peer 0x148048000 (12 bytes)
1743408302.682114 sending message 112 to peer 0x148048000 (13 bytes)
1743408302.682120 sending message 112 to peer 0x148048000 (10 bytes)
1743408302.682125 sending message 112 to peer 0x148048000 (10 bytes)
1743408302.682188 sending message 112 to peer 0x148048000 (10 bytes)
1743408302.682203 sending message 112 to peer 0x148048000 (12 bytes)
1743408302.682214 sending message 112 to peer 0x148048000 (13 bytes)
1743408302.682226 sending message 112 to peer 0x148048000 (13 bytes)
1743408302.682238 sending message 112 to peer 0x148048000 (13 bytes)
1743408302.682250 sending message 112 to peer 0x148048000 (13 bytes)
1743408302.682263 sending message 112 to peer 0x148048000 (13 bytes)
1743408302.682272 sending message 112 to peer 0x148048000 (10 bytes)
1743408302.682281 sending message 112 to peer 0x148048000 (11 bytes)
1743408302.682291 sending message 112 to peer 0x148048000 (12 bytes)
1743408302.682295 sending message 112 to peer 0x148048000 (12 bytes)
1743408302.682299 sending message 112 to peer 0x148048000 (12 bytes)
1743408302.682303 sending message 112 to peer 0x148048000 (12 bytes)
1743408302.682318 sending message 112 to peer 0x148048000 (12 bytes)
1743408302.682322 sending message 112 to peer 0x148048000 (11 bytes)
1743408302.682326 sending message 112 to peer 0x148048000 (12 bytes)
1743408302.682337 sending message 112 to peer 0x148048000 (12 bytes)
1743408302.682341 sending message 112 to peer 0x148048000 (13 bytes)
1743408302.682352 sending message 112 to peer 0x148048000 (13 bytes)
1743408302.682365 sending message 112 to peer 0x148048000 (13 bytes)
1743408302.682376 sending message 112 to peer 0x148048000 (13 bytes)
1743408302.682387 sending message 112 to peer 0x148048000 (13 bytes)
1743408302.682400 sending message 112 to peer 0x148048000 (10 bytes)
1743408302.682407 sending message 112 to peer 0x148048000 (9 bytes)
1743408302.682417 sending message 112 to peer 0x148048000 (12 bytes)
1743408302.682429 sending message 112 to peer 0x148048000 (13 bytes)
1743408302.682434 sending message 112 to peer 0x148048000 (13 bytes)
1743408302.682437 sending message 112 to peer 0x148048000 (13 bytes)
1743408302.682441 sending message 112 to peer 0x148048000 (13 bytes)
1743408302.682452 sending message 112 to peer 0x148048000 (13 bytes)
1743408302.682456 sending message 112 to peer 0x148048000 (9 bytes)
1743408302.682468 sending message 112 to peer 0x148048000 (12 bytes)
1743408302.682482 sending message 112 to peer 0x148048000 (13 bytes)
1743408302.682490 sending message 112 to peer 0x148048000 (13 bytes)
1743408302.682499 sending message 112 to peer 0x148048000 (13 bytes)
1743408302.682509 sending message 112 to peer 0x148048000 (13 bytes)
1743408302.682540 sending message 112 to peer 0x148048000 (13 bytes)
1743408302.682549 sending message 112 to peer 0x148048000 (11 bytes)
1743408302.682559 sending message 112 to peer 0x148048000 (12 bytes)
1743408302.682569 sending message 112 to peer 0x148048000 (13 bytes)
1743408302.682579 sending message 112 to peer 0x148048000 (13 bytes)
1743408302.682588 sending message 112 to peer 0x148048000 (13 bytes)
1743408302.682601 sending message 112 to peer 0x148048000 (13 bytes)
1743408302.682613 sending message 112 to peer 0x148048000 (13 bytes)
1743408302.682624 sending message 112 to peer 0x148048000 (11 bytes)
1743408302.682637 sending message 112 to peer 0x148048000 (12 bytes)
1743408302.682649 sending message 112 to peer 0x148048000 (12 bytes)
1743408302.682660 sending message 112 to peer 0x148048000 (12 bytes)
1743408302.682664 sending message 112 to peer 0x148048000 (12 bytes)
1743408302.682676 sending message 112 to peer 0x148048000 (12 bytes)
1743408302.682688 sending message 112 to peer 0x148048000 (22 bytes)
1743408302.682705 sending message 112 to peer 0x148048000 (12 bytes)
1743408302.682715 sending message 112 to peer 0x148048000 (9 bytes)
1743408302.682725 sending message 112 to peer 0x148048000 (6 bytes)
1743408302.682735 sending message 112 to peer 0x148048000 (13 bytes)
1743408302.682745 sending message 112 to peer 0x148048000 (10 bytes)
1743408302.682754 sending message 112 to peer 0x148048000 (15 bytes)
1743408302.682758 sending message 112 to peer 0x148048000 (11 bytes)
1743408302.682765 sending message 112 to peer 0x148048000 (9 bytes)
1743408302.682775 sending message 112 to peer 0x148048000 (70 bytes)
1743408302.682790 sending message 112 to peer 0x148048000 (69 bytes)
1743408302.682800 sending message 112 to peer 0x148048000 (34 bytes)
1743408302.682810 sending message 112 to peer 0x148048000 (34 bytes)
1743408302.682819 sending message 112 to peer 0x148048000 (69 bytes)
1743408302.682828 sending message 112 to peer 0x148048000 (12 bytes)
1743408302.682837 sending message 112 to peer 0x148048000 (10 bytes)
1743408302.682846 sending message 112 to peer 0x148048000 (10 bytes)
1743408302.682857 sending message 112 to peer 0x148048000 (15 bytes)
1743408302.682869 sending message 112 to peer 0x148048000 (11 bytes)
1743408302.682878 sending message 112 to peer 0x148048000 (10 bytes)
1743408302.682889 sending message 112 to peer 0x148048000 (10 bytes)
1743408302.682900 sending message 112 to peer 0x148048000 (17 bytes)
1743408302.682910 sending message 112 to peer 0x148048000 (10 bytes)
1743408302.682921 sending message 112 to peer 0x148048000 (13 bytes)
1743408302.682934 sending message 112 to peer 0x148048000 (17 bytes)
1743408302.682948 sending message 112 to peer 0x148048000 (5 bytes)
1743408302.682959 sending message 112 to peer 0x148048000 (9 bytes)
1743408302.682963 sending message 112 to peer 0x148048000 (15 bytes)
1743408302.682977 sending message 104 to peer 0x148048000 (0 bytes)
1743408302.682993 sending message 110 to peer 0x148048000 (0 bytes)
1743408302.683004 sending message 107 to peer 0x148048000 (4 bytes)
1743408302.683016 sending message 105 to peer 0x148048000 (19 bytes)
1743408302.683027 sending message 105 to peer 0x148048000 (20 bytes)
1743408302.683039 sending message 105 to peer 0x148048000 (18 bytes)
1743408302.683050 sending message 105 to peer 0x148048000 (22 bytes)
1743408302.683059 sending message 105 to peer 0x148048000 (54 bytes)
1743408302.683072 sending message 105 to peer 0x148048000 (24 bytes)
1743408302.683085 sending message 105 to peer 0x148048000 (228 bytes)
1743408302.683100 sending message 105 to peer 0x148048000 (57 bytes)
1743408302.683109 sending message 105 to peer 0x148048000 (17 bytes)
1743408302.683118 sending message 105 to peer 0x148048000 (67 bytes)
1743408302.683170 sending message 105 to peer 0x148048000 (72 bytes)
1743408302.683186 sending message 105 to peer 0x148048000 (42 bytes)
1743408302.683195 sending message 105 to peer 0x148048000 (66 bytes)
1743408302.683204 sending message 105 to peer 0x148048000 (56 bytes)
1743408302.683215 sending message 105 to peer 0x148048000 (19 bytes)
1743408302.683250 sending message 105 to peer 0x148048000 (14 bytes)
1743408302.683262 sending message 105 to peer 0x148048000 (14 bytes)
1743408302.683271 sending message 105 to peer 0x148048000 (60 bytes)
1743408302.683281 sending message 105 to peer 0x148048000 (13 bytes)
1743408302.683292 sending message 105 to peer 0x148048000 (17 bytes)
1743408302.683296 sending message 105 to peer 0x148048000 (36 bytes)
1743408302.683308 sending message 105 to peer 0x148048000 (26 bytes)
1743408302.683312 sending message 105 to peer 0x148048000 (15 bytes)
1743408302.683324 sending message 105 to peer 0x148048000 (38 bytes)
1743408302.683333 sending message 105 to peer 0x148048000 (22 bytes)
1743408302.683345 sending message 105 to peer 0x148048000 (46 bytes)
1743408302.683354 sending message 105 to peer 0x148048000 (8 bytes)
1743408302.683363 sending message 105 to peer 0x148048000 (41 bytes)
1743408302.683372 sending message 105 to peer 0x148048000 (36 bytes)
1743408302.683384 sending message 105 to peer 0x148048000 (12 bytes)
1743408302.683393 sending message 105 to peer 0x148048000 (76 bytes)
1743408302.683402 sending message 105 to peer 0x148048000 (53 bytes)
1743408302.683412 sending message 105 to peer 0x148048000 (14 bytes)
1743408302.683421 sending message 105 to peer 0x148048000 (166 bytes)
1743408302.683430 sending message 105 to peer 0x148048000 (127 bytes)
1743408302.683439 sending message 105 to peer 0x148048000 (119 bytes)
1743408302.683449 sending message 105 to peer 0x148048000 (66 bytes)
1743408302.683457 sending message 105 to peer 0x148048000 (100 bytes)
1743408302.683466 sending message 105 to peer 0x148048000 (25 bytes)
1743408302.683476 sending message 105 to peer 0x148048000 (184 bytes)
1743408302.683485 sending message 105 to peer 0x148048000 (46 bytes)
1743408302.683496 sending message 105 to peer 0x148048000 (20 bytes)
1743408302.683508 sending message 105 to peer 0x148048000 (14 bytes)
1743408302.683519 sending message 105 to peer 0x148048000 (13 bytes)
1743408302.683530 sending message 105 to peer 0x148048000 (29 bytes)
1743408302.683540 sending message 105 to peer 0x148048000 (30 bytes)
1743408302.683548 sending message 105 to peer 0x148048000 (37 bytes)
1743408302.683557 sending message 105 to peer 0x148048000 (34 bytes)
1743408302.683568 sending message 105 to peer 0x148048000 (35 bytes)
1743408302.683572 sending message 105 to peer 0x148048000 (16 bytes)
1743408302.683587 sending message 105 to peer 0x148048000 (16 bytes)
1743408302.683591 sending message 105 to peer 0x148048000 (13 bytes)
1743408302.683601 sending message 105 to peer 0x148048000 (19 bytes)
1743408302.683612 sending message 105 to peer 0x148048000 (38 bytes)
1743408302.683623 sending message 105 to peer 0x148048000 (45 bytes)
1743408302.683634 sending message 106 to peer 0x148048000 (0 bytes)
1743408302.683706 cmd_pack_argv: argv[0]=new-session
1743408302.683718 cmd_pack_argv: argv[1]=echo $SHELL; exec $SHELL
1743408302.683730 sending message 200 to peer 0x148048000 (41 bytes)
1743408302.683740 client loop enter
1743408302.683759 client_signal: Child exited: 20
1743408304.567243 peer 0x148048000 message 207
1743408304.567263 sending message 208 to peer 0x148048000 (0 bytes)
1743408306.974558 peer 0x148048000 message 203
1743408306.974564 sending message 205 to peer 0x148048000 (0 bytes)
1743408306.974719 peer 0x148048000 message 204
1743408306.974726 client loop exit
