1743408331.015460 client started (27174): version 3.5a, socket /private/tmp/tmux-502/test, protocol 8
1743408331.015556 on Darwin 24.3.0 Darwin Kernel Version 24.3.0: Thu Jan  2 20:24:16 PST 2025; root:xnu-11215.81.4~3/RELEASE_ARM64_T6000
1743408331.015574 using libevent 2.1.12-stable select
1743408331.015586 using utf8proc 2.10.0
1743408331.015593 using ncurses 6.5 20240427
1743408331.015613 flags are 0x18010000
1743408331.015620 socket is /private/tmp/tmux-502/test
1743408331.015640 trying connect
1743408331.015663 connect failed: Connection refused
1743408331.015681 lock file is /private/tmp/tmux-502/test.lock
1743408331.015796 flock succeeded
1743408331.015804 got lock (6)
1743408331.015811 trying connect
1743408331.015820 connect failed: Connection refused
1743408331.016359 add peer 0x130048000: 7 (0x0)
1743408331.018990 sending message 111 to peer 0x130048000 (8 bytes)
1743408331.019014 sending message 111 to peer 0x130048000 (8 bytes)
1743408331.019030 sending message 101 to peer 0x130048000 (12 bytes)
1743408331.019046 sending message 109 to peer 0x130048000 (4 bytes)
1743408331.019062 sending message 102 to peer 0x130048000 (13 bytes)
1743408331.019076 sending message 108 to peer 0x130048000 (42 bytes)
1743408331.019091 sending message 112 to peer 0x130048000 (70 bytes)
1743408331.019102 sending message 112 to peer 0x130048000 (5 bytes)
1743408331.019112 sending message 112 to peer 0x130048000 (6 bytes)
1743408331.019124 sending message 112 to peer 0x130048000 (6 bytes)
1743408331.019134 sending message 112 to peer 0x130048000 (10 bytes)
1743408331.019147 sending message 112 to peer 0x130048000 (13 bytes)
1743408331.019160 sending message 112 to peer 0x130048000 (14 bytes)
1743408331.019174 sending message 112 to peer 0x130048000 (19 bytes)
1743408331.019181 sending message 112 to peer 0x130048000 (11 bytes)
1743408331.019187 sending message 112 to peer 0x130048000 (10 bytes)
1743408331.019193 sending message 112 to peer 0x130048000 (15 bytes)
1743408331.019207 sending message 112 to peer 0x130048000 (21 bytes)
1743408331.019224 sending message 112 to peer 0x130048000 (13 bytes)
1743408331.019237 sending message 112 to peer 0x130048000 (7 bytes)
1743408331.019252 sending message 112 to peer 0x130048000 (13 bytes)
1743408331.019265 sending message 112 to peer 0x130048000 (7 bytes)
1743408331.019277 sending message 112 to peer 0x130048000 (13 bytes)
1743408331.019292 sending message 112 to peer 0x130048000 (9 bytes)
1743408331.019310 sending message 112 to peer 0x130048000 (21 bytes)
1743408331.019321 sending message 112 to peer 0x130048000 (13 bytes)
1743408331.019332 sending message 112 to peer 0x130048000 (9 bytes)
1743408331.019359 sending message 112 to peer 0x130048000 (16 bytes)
1743408331.019373 sending message 112 to peer 0x130048000 (13 bytes)
1743408331.019384 sending message 112 to peer 0x130048000 (9 bytes)
1743408331.019407 sending message 112 to peer 0x130048000 (9 bytes)
1743408331.019419 sending message 112 to peer 0x130048000 (12 bytes)
1743408331.019434 sending message 112 to peer 0x130048000 (8 bytes)
1743408331.019451 sending message 112 to peer 0x130048000 (13 bytes)
1743408331.019464 sending message 112 to peer 0x130048000 (7 bytes)
1743408331.019476 sending message 112 to peer 0x130048000 (7 bytes)
1743408331.019489 sending message 112 to peer 0x130048000 (9 bytes)
1743408331.019500 sending message 112 to peer 0x130048000 (6 bytes)
1743408331.019515 sending message 112 to peer 0x130048000 (9 bytes)
1743408331.019531 sending message 112 to peer 0x130048000 (15 bytes)
1743408331.019543 sending message 112 to peer 0x130048000 (13 bytes)
1743408331.019556 sending message 112 to peer 0x130048000 (12 bytes)
1743408331.019566 sending message 112 to peer 0x130048000 (8 bytes)
1743408331.019577 sending message 112 to peer 0x130048000 (14 bytes)
1743408331.019589 sending message 112 to peer 0x130048000 (9 bytes)
1743408331.019602 sending message 112 to peer 0x130048000 (10 bytes)
1743408331.019613 sending message 112 to peer 0x130048000 (10 bytes)
1743408331.019624 sending message 112 to peer 0x130048000 (10 bytes)
1743408331.019667 sending message 112 to peer 0x130048000 (10 bytes)
1743408331.019679 sending message 112 to peer 0x130048000 (11 bytes)
1743408331.019688 sending message 112 to peer 0x130048000 (12 bytes)
1743408331.019700 sending message 112 to peer 0x130048000 (12 bytes)
1743408331.019709 sending message 112 to peer 0x130048000 (12 bytes)
1743408331.019718 sending message 112 to peer 0x130048000 (12 bytes)
1743408331.019727 sending message 112 to peer 0x130048000 (12 bytes)
1743408331.019736 sending message 112 to peer 0x130048000 (11 bytes)
1743408331.019745 sending message 112 to peer 0x130048000 (11 bytes)
1743408331.019754 sending message 112 to peer 0x130048000 (12 bytes)
1743408331.019766 sending message 112 to peer 0x130048000 (12 bytes)
1743408331.019777 sending message 112 to peer 0x130048000 (12 bytes)
1743408331.019788 sending message 112 to peer 0x130048000 (12 bytes)
1743408331.019800 sending message 112 to peer 0x130048000 (12 bytes)
1743408331.019812 sending message 112 to peer 0x130048000 (9 bytes)
1743408331.019823 sending message 112 to peer 0x130048000 (12 bytes)
1743408331.019832 sending message 112 to peer 0x130048000 (13 bytes)
1743408331.019850 sending message 112 to peer 0x130048000 (13 bytes)
1743408331.019862 sending message 112 to peer 0x130048000 (13 bytes)
1743408331.019875 sending message 112 to peer 0x130048000 (13 bytes)
1743408331.019942 sending message 112 to peer 0x130048000 (13 bytes)
1743408331.019959 sending message 112 to peer 0x130048000 (8 bytes)
1743408331.019968 sending message 112 to peer 0x130048000 (11 bytes)
1743408331.019977 sending message 112 to peer 0x130048000 (11 bytes)
1743408331.019987 sending message 112 to peer 0x130048000 (11 bytes)
1743408331.019996 sending message 112 to peer 0x130048000 (12 bytes)
1743408331.020006 sending message 112 to peer 0x130048000 (12 bytes)
1743408331.020016 sending message 112 to peer 0x130048000 (13 bytes)
1743408331.020025 sending message 112 to peer 0x130048000 (12 bytes)
1743408331.020032 sending message 112 to peer 0x130048000 (13 bytes)
1743408331.020038 sending message 112 to peer 0x130048000 (13 bytes)
1743408331.020049 sending message 112 to peer 0x130048000 (13 bytes)
1743408331.020058 sending message 112 to peer 0x130048000 (8 bytes)
1743408331.020067 sending message 112 to peer 0x130048000 (13 bytes)
1743408331.020076 sending message 112 to peer 0x130048000 (13 bytes)
1743408331.020085 sending message 112 to peer 0x130048000 (13 bytes)
1743408331.020095 sending message 112 to peer 0x130048000 (13 bytes)
1743408331.020106 sending message 112 to peer 0x130048000 (13 bytes)
1743408331.020112 sending message 112 to peer 0x130048000 (12 bytes)
1743408331.020121 sending message 112 to peer 0x130048000 (12 bytes)
1743408331.020132 sending message 112 to peer 0x130048000 (13 bytes)
1743408331.020144 sending message 112 to peer 0x130048000 (12 bytes)
1743408331.020154 sending message 112 to peer 0x130048000 (13 bytes)
1743408331.020166 sending message 112 to peer 0x130048000 (8 bytes)
1743408331.020176 sending message 112 to peer 0x130048000 (13 bytes)
1743408331.020188 sending message 112 to peer 0x130048000 (13 bytes)
1743408331.020198 sending message 112 to peer 0x130048000 (13 bytes)
1743408331.020202 sending message 112 to peer 0x130048000 (13 bytes)
1743408331.020205 sending message 112 to peer 0x130048000 (13 bytes)
1743408331.020216 sending message 112 to peer 0x130048000 (13 bytes)
1743408331.020228 sending message 112 to peer 0x130048000 (13 bytes)
1743408331.020239 sending message 112 to peer 0x130048000 (12 bytes)
1743408331.020251 sending message 112 to peer 0x130048000 (12 bytes)
1743408331.020264 sending message 112 to peer 0x130048000 (13 bytes)
1743408331.020277 sending message 112 to peer 0x130048000 (8 bytes)
1743408331.020289 sending message 112 to peer 0x130048000 (12 bytes)
1743408331.020293 sending message 112 to peer 0x130048000 (13 bytes)
1743408331.020303 sending message 112 to peer 0x130048000 (13 bytes)
1743408331.020314 sending message 112 to peer 0x130048000 (13 bytes)
1743408331.020325 sending message 112 to peer 0x130048000 (13 bytes)
1743408331.020364 sending message 112 to peer 0x130048000 (13 bytes)
1743408331.020374 sending message 112 to peer 0x130048000 (13 bytes)
1743408331.020386 sending message 112 to peer 0x130048000 (13 bytes)
1743408331.020396 sending message 112 to peer 0x130048000 (13 bytes)
1743408331.020408 sending message 112 to peer 0x130048000 (12 bytes)
1743408331.020421 sending message 112 to peer 0x130048000 (10 bytes)
1743408331.020429 sending message 112 to peer 0x130048000 (12 bytes)
1743408331.020440 sending message 112 to peer 0x130048000 (13 bytes)
1743408331.020482 sending message 112 to peer 0x130048000 (12 bytes)
1743408331.020488 sending message 112 to peer 0x130048000 (13 bytes)
1743408331.020491 sending message 112 to peer 0x130048000 (13 bytes)
1743408331.020494 sending message 112 to peer 0x130048000 (13 bytes)
1743408331.020498 sending message 112 to peer 0x130048000 (13 bytes)
1743408331.020502 sending message 112 to peer 0x130048000 (13 bytes)
1743408331.020506 sending message 112 to peer 0x130048000 (13 bytes)
1743408331.020510 sending message 112 to peer 0x130048000 (13 bytes)
1743408331.020515 sending message 112 to peer 0x130048000 (10 bytes)
1743408331.020521 sending message 112 to peer 0x130048000 (13 bytes)
1743408331.020524 sending message 112 to peer 0x130048000 (12 bytes)
1743408331.020528 sending message 112 to peer 0x130048000 (12 bytes)
1743408331.020532 sending message 112 to peer 0x130048000 (13 bytes)
1743408331.020535 sending message 112 to peer 0x130048000 (10 bytes)
1743408331.020538 sending message 112 to peer 0x130048000 (10 bytes)
1743408331.020541 sending message 112 to peer 0x130048000 (10 bytes)
1743408331.020546 sending message 112 to peer 0x130048000 (12 bytes)
1743408331.020549 sending message 112 to peer 0x130048000 (13 bytes)
1743408331.020553 sending message 112 to peer 0x130048000 (13 bytes)
1743408331.020558 sending message 112 to peer 0x130048000 (13 bytes)
1743408331.020562 sending message 112 to peer 0x130048000 (13 bytes)
1743408331.020566 sending message 112 to peer 0x130048000 (13 bytes)
1743408331.020571 sending message 112 to peer 0x130048000 (10 bytes)
1743408331.020575 sending message 112 to peer 0x130048000 (11 bytes)
1743408331.020580 sending message 112 to peer 0x130048000 (12 bytes)
1743408331.020584 sending message 112 to peer 0x130048000 (12 bytes)
1743408331.020588 sending message 112 to peer 0x130048000 (12 bytes)
1743408331.020592 sending message 112 to peer 0x130048000 (12 bytes)
1743408331.020597 sending message 112 to peer 0x130048000 (12 bytes)
1743408331.020601 sending message 112 to peer 0x130048000 (11 bytes)
1743408331.020606 sending message 112 to peer 0x130048000 (12 bytes)
1743408331.020610 sending message 112 to peer 0x130048000 (12 bytes)
1743408331.020613 sending message 112 to peer 0x130048000 (13 bytes)
1743408331.020617 sending message 112 to peer 0x130048000 (13 bytes)
1743408331.020622 sending message 112 to peer 0x130048000 (13 bytes)
1743408331.020626 sending message 112 to peer 0x130048000 (13 bytes)
1743408331.020631 sending message 112 to peer 0x130048000 (13 bytes)
1743408331.020635 sending message 112 to peer 0x130048000 (10 bytes)
1743408331.020640 sending message 112 to peer 0x130048000 (9 bytes)
1743408331.020643 sending message 112 to peer 0x130048000 (12 bytes)
1743408331.020648 sending message 112 to peer 0x130048000 (13 bytes)
1743408331.020652 sending message 112 to peer 0x130048000 (13 bytes)
1743408331.020656 sending message 112 to peer 0x130048000 (13 bytes)
1743408331.020660 sending message 112 to peer 0x130048000 (13 bytes)
1743408331.020665 sending message 112 to peer 0x130048000 (13 bytes)
1743408331.020669 sending message 112 to peer 0x130048000 (9 bytes)
1743408331.020674 sending message 112 to peer 0x130048000 (12 bytes)
1743408331.020678 sending message 112 to peer 0x130048000 (13 bytes)
1743408331.020682 sending message 112 to peer 0x130048000 (13 bytes)
1743408331.020687 sending message 112 to peer 0x130048000 (13 bytes)
1743408331.020692 sending message 112 to peer 0x130048000 (13 bytes)
1743408331.020705 sending message 112 to peer 0x130048000 (13 bytes)
1743408331.020708 sending message 112 to peer 0x130048000 (11 bytes)
1743408331.020713 sending message 112 to peer 0x130048000 (12 bytes)
1743408331.020717 sending message 112 to peer 0x130048000 (13 bytes)
1743408331.020722 sending message 112 to peer 0x130048000 (13 bytes)
1743408331.020726 sending message 112 to peer 0x130048000 (13 bytes)
1743408331.020731 sending message 112 to peer 0x130048000 (13 bytes)
1743408331.020735 sending message 112 to peer 0x130048000 (13 bytes)
1743408331.020740 sending message 112 to peer 0x130048000 (11 bytes)
1743408331.020746 sending message 112 to peer 0x130048000 (12 bytes)
1743408331.020749 sending message 112 to peer 0x130048000 (12 bytes)
1743408331.020753 sending message 112 to peer 0x130048000 (12 bytes)
1743408331.020758 sending message 112 to peer 0x130048000 (12 bytes)
1743408331.020763 sending message 112 to peer 0x130048000 (12 bytes)
1743408331.020768 sending message 112 to peer 0x130048000 (22 bytes)
1743408331.020781 sending message 112 to peer 0x130048000 (12 bytes)
1743408331.020787 sending message 112 to peer 0x130048000 (9 bytes)
1743408331.020792 sending message 112 to peer 0x130048000 (6 bytes)
1743408331.020798 sending message 112 to peer 0x130048000 (13 bytes)
1743408331.020803 sending message 112 to peer 0x130048000 (10 bytes)
1743408331.020807 sending message 112 to peer 0x130048000 (15 bytes)
1743408331.020811 sending message 112 to peer 0x130048000 (11 bytes)
1743408331.020816 sending message 112 to peer 0x130048000 (9 bytes)
1743408331.020819 sending message 112 to peer 0x130048000 (70 bytes)
1743408331.020828 sending message 112 to peer 0x130048000 (69 bytes)
1743408331.020833 sending message 112 to peer 0x130048000 (34 bytes)
1743408331.020838 sending message 112 to peer 0x130048000 (34 bytes)
1743408331.020843 sending message 112 to peer 0x130048000 (69 bytes)
1743408331.020848 sending message 112 to peer 0x130048000 (12 bytes)
1743408331.020852 sending message 112 to peer 0x130048000 (10 bytes)
1743408331.020862 sending message 112 to peer 0x130048000 (10 bytes)
1743408331.020867 sending message 112 to peer 0x130048000 (15 bytes)
1743408331.020871 sending message 112 to peer 0x130048000 (11 bytes)
1743408331.020875 sending message 112 to peer 0x130048000 (10 bytes)
1743408331.020879 sending message 112 to peer 0x130048000 (10 bytes)
1743408331.020884 sending message 112 to peer 0x130048000 (17 bytes)
1743408331.020888 sending message 112 to peer 0x130048000 (10 bytes)
1743408331.020893 sending message 112 to peer 0x130048000 (13 bytes)
1743408331.020897 sending message 112 to peer 0x130048000 (17 bytes)
1743408331.020902 sending message 112 to peer 0x130048000 (5 bytes)
1743408331.020907 sending message 112 to peer 0x130048000 (9 bytes)
1743408331.020912 sending message 112 to peer 0x130048000 (15 bytes)
1743408331.020918 sending message 104 to peer 0x130048000 (0 bytes)
1743408331.020927 sending message 110 to peer 0x130048000 (0 bytes)
1743408331.020932 sending message 107 to peer 0x130048000 (4 bytes)
1743408331.020937 sending message 105 to peer 0x130048000 (19 bytes)
1743408331.020941 sending message 105 to peer 0x130048000 (20 bytes)
1743408331.020946 sending message 105 to peer 0x130048000 (18 bytes)
1743408331.020950 sending message 105 to peer 0x130048000 (22 bytes)
1743408331.020955 sending message 105 to peer 0x130048000 (54 bytes)
1743408331.020963 sending message 105 to peer 0x130048000 (24 bytes)
1743408331.020968 sending message 105 to peer 0x130048000 (228 bytes)
1743408331.020975 sending message 105 to peer 0x130048000 (57 bytes)
1743408331.020980 sending message 105 to peer 0x130048000 (17 bytes)
1743408331.020984 sending message 105 to peer 0x130048000 (67 bytes)
1743408331.020989 sending message 105 to peer 0x130048000 (72 bytes)
1743408331.020993 sending message 105 to peer 0x130048000 (42 bytes)
1743408331.020998 sending message 105 to peer 0x130048000 (66 bytes)
1743408331.021003 sending message 105 to peer 0x130048000 (56 bytes)
1743408331.021007 sending message 105 to peer 0x130048000 (19 bytes)
1743408331.021024 sending message 105 to peer 0x130048000 (14 bytes)
1743408331.021029 sending message 105 to peer 0x130048000 (14 bytes)
1743408331.021034 sending message 105 to peer 0x130048000 (60 bytes)
1743408331.021039 sending message 105 to peer 0x130048000 (13 bytes)
1743408331.021043 sending message 105 to peer 0x130048000 (17 bytes)
1743408331.021048 sending message 105 to peer 0x130048000 (36 bytes)
1743408331.021052 sending message 105 to peer 0x130048000 (26 bytes)
1743408331.021058 sending message 105 to peer 0x130048000 (15 bytes)
1743408331.021063 sending message 105 to peer 0x130048000 (38 bytes)
1743408331.021067 sending message 105 to peer 0x130048000 (22 bytes)
1743408331.021071 sending message 105 to peer 0x130048000 (46 bytes)
1743408331.021077 sending message 105 to peer 0x130048000 (8 bytes)
1743408331.021081 sending message 105 to peer 0x130048000 (41 bytes)
1743408331.021085 sending message 105 to peer 0x130048000 (36 bytes)
1743408331.021090 sending message 105 to peer 0x130048000 (12 bytes)
1743408331.021094 sending message 105 to peer 0x130048000 (76 bytes)
1743408331.021097 sending message 105 to peer 0x130048000 (53 bytes)
1743408331.021101 sending message 105 to peer 0x130048000 (14 bytes)
1743408331.021105 sending message 105 to peer 0x130048000 (166 bytes)
1743408331.021112 sending message 105 to peer 0x130048000 (127 bytes)
1743408331.021120 sending message 105 to peer 0x130048000 (119 bytes)
1743408331.021124 sending message 105 to peer 0x130048000 (66 bytes)
1743408331.021129 sending message 105 to peer 0x130048000 (100 bytes)
1743408331.021133 sending message 105 to peer 0x130048000 (25 bytes)
1743408331.021138 sending message 105 to peer 0x130048000 (184 bytes)
1743408331.021141 sending message 105 to peer 0x130048000 (46 bytes)
1743408331.021146 sending message 105 to peer 0x130048000 (20 bytes)
1743408331.021149 sending message 105 to peer 0x130048000 (14 bytes)
1743408331.021153 sending message 105 to peer 0x130048000 (13 bytes)
1743408331.021156 sending message 105 to peer 0x130048000 (29 bytes)
1743408331.021160 sending message 105 to peer 0x130048000 (30 bytes)
1743408331.021164 sending message 105 to peer 0x130048000 (37 bytes)
1743408331.021168 sending message 105 to peer 0x130048000 (34 bytes)
1743408331.021173 sending message 105 to peer 0x130048000 (35 bytes)
1743408331.021178 sending message 105 to peer 0x130048000 (16 bytes)
1743408331.021183 sending message 105 to peer 0x130048000 (16 bytes)
1743408331.021187 sending message 105 to peer 0x130048000 (13 bytes)
1743408331.021191 sending message 105 to peer 0x130048000 (19 bytes)
1743408331.021195 sending message 105 to peer 0x130048000 (38 bytes)
1743408331.021199 sending message 105 to peer 0x130048000 (45 bytes)
1743408331.021204 sending message 106 to peer 0x130048000 (0 bytes)
1743408331.021261 cmd_pack_argv: argv[0]=new-session
1743408331.021267 cmd_pack_argv: argv[1]=echo $SHELL; exec $SHELL
1743408331.021272 sending message 200 to peer 0x130048000 (41 bytes)
1743408331.021277 client loop enter
1743408331.021301 client_signal: Child exited: 20
1743408332.867136 peer 0x130048000 message 207
1743408332.867169 sending message 208 to peer 0x130048000 (0 bytes)
1743408334.622465 peer 0x130048000 message 203
1743408334.622484 sending message 205 to peer 0x130048000 (0 bytes)
1743408334.622649 peer 0x130048000 message 204
1743408334.622657 client loop exit
