[?1049h[?1h[H[2J[?12h[?25h[?1000l[?1002l[?1003l[?1006l[?1005l[?2004h(B[m[?12h[?25h[?1006l[?1000l[?1002l[?1003l[1;1H[1;65r[c[>c[>q]10;?\]11;?\[2;1H[?1006l[?1000l[?1002l[?1003l[?1006h[?1000h[?1002hP=1s\[?25l[K
[K
[K
[K
[K
[K
[K
[K
[K
[K
[K
[K
[K
[K
[K
[K
[K
[K
[K
[K
[K
[K
[K
[K
[K
[K
[K
[K
[K
[K
[K
[K
[K
[K
[K
[K
[K
[K
[K
[K
[K
[K
[K
[K
[K
[K
[K
[K
[K
[K
[K
[K
[K
[K
[K
[K
[K
[K
[K
[K
[K
[K
[K
[K[38:2:0:0:0m[48:2:118:171:222m[H0[38:2:118:171:222m[48:2:72:72:68m ~/.config/system-flake[38:2:72:72:68m[48:2:0:0:0m[38:2:253:251:238m                     [38:2:223:223:150m[48:2:36:36:34m0:zsh*[38:2:253:251:238m[48:2:0:0:0m                                             [38:2:72:72:68m[38:2:118:171:222m[48:2:72:72:68m (B[m[?12h[?25h[2;1HP=2s\[?7727h(B[m[?12h[?25h[?1006l[?1000l[?1002l[?1003l[1;1H[1;65r[?7727h(B[m[?12h[?25h[?1006l[?1000l[?1002l[?1003l[1;1H[1;65r[?7727h(B[m[?12h[?25h[?1006l[?1000l[?1002l[?1003l[1;1H[1;65r(B[m[?12h[?25h[?1006l[?1000l[?1002l[?1003l[1;1H[1;65r[3;1H[?1006l[?1000l[?1002l[?1003l[?1006h[?1000h[?1002hP=1s\[?25l[A/bin/zsh[K
[K
[K
[K
[K
[K
[K
[K
[K
[K
[K
[K
[K
[K
[K
[K
[K
[K
[K
[K
[K
[K
[K
[K
[K
[K
[K
[K
[K
[K
[K
[K
[K
[K
[K
[K
[K
[K
[K
[K
[K
[K
[K
[K
[K
[K
[K
[K
[K
[K
[K
[K
[K
[K
[K
[K
[K
[K
[K
[K
[K
[K
[K
[K[38:2:0:0:0m[48:2:118:171:222m[H0[38:2:118:171:222m[48:2:72:72:68m ~/.config/system-flake[38:2:72:72:68m[48:2:0:0:0m[38:2:253:251:238m                     [38:2:223:223:150m[48:2:36:36:34m0:zsh*[38:2:253:251:238m[48:2:0:0:0m                                             [38:2:72:72:68m[38:2:118:171:222m[48:2:72:72:68m (B[m[?12h[?25h[3;1HP=2s\P=1s\[?25l[38:2:0:0:0m[48:2:118:171:222m[H0[38:2:118:171:222m[48:2:72:72:68m ~/.config/system-flake[38:2:72:72:68m[48:2:0:0:0m[38:2:253:251:238m                     [38:2:223:223:150m[48:2:36:36:34m0:zsh*[38:2:253:251:238m[48:2:0:0:0m                                   [38:2:72:72:68m[38:2:118:171:222m[48:2:72:72:68m [38:2:0:0:0m[48:2:118:171:222m38.22% CPU(B[m[?12h[?25h[3;1HP=2s\P=1s\[?25l[38:2:0:0:0m[48:2:118:171:222m[H0[38:2:118:171:222m[48:2:72:72:68m ~/.config/system-flake[38:2:72:72:68m[48:2:0:0:0m[38:2:253:251:238m                     [38:2:223:223:150m[48:2:36:36:34m0:zsh*[38:2:253:251:238m[48:2:0:0:0m               [38:2:72:72:68m[38:2:118:171:222m[48:2:72:72:68m 26,  5.32 (G) RAM [38:2:0:0:0m[48:2:118:171:222m38.22% CPU(B[m[?12h[?25h[3;1HP=2s\P=1s\[?25l[38:2:0:0:0m[48:2:118:171:222m[H0[38:2:118:171:222m[48:2:72:72:68m ~/.config/system-flake[38:2:72:72:68m[48:2:0:0:0m[38:2:253:251:238m                     [38:2:223:223:150m[48:2:36:36:34m0:zsh*[38:2:253:251:238m[48:2:0:0:0m               [38:2:72:72:68m[38:2:118:171:222m[48:2:72:72:68m 26,  5.32 (G) RAM [38:2:0:0:0m[48:2:118:171:222m34.66% CPU(B[m[?12h[?25h[3;1HP=2s\P=1s\[?25l[38:2:0:0:0m[48:2:118:171:222m[H0[38:2:118:171:222m[48:2:72:72:68m ~/.config/system-flake[38:2:72:72:68m[48:2:0:0:0m[38:2:253:251:238m                     [38:2:223:223:150m[48:2:36:36:34m0:zsh*[38:2:253:251:238m[48:2:0:0:0m                [38:2:72:72:68m[38:2:118:171:222m[48:2:72:72:68m 26,  5.3 (G) RAM [38:2:0:0:0m[48:2:118:171:222m34.66% CPU(B[m[?12h[?25h[3;1HP=2s\[?12h[?25h[5 q                                                                                                     [3;1HP=1s\[?25l[?12h[?25h[5 qP=2s\P=1s\[?25l[?12h[?25h[5 qP=2s\P=1s\[2;65r[4;1H[J[A[K
[38:2:166:165:222m[1msystem-flake(B[m on [38:2:223:83:221m[1m main(B[m [38:2:223:76:64m[1m[?](B[m on [38:2:118:171:222m[1m☁☁️(B[m[?12h[?25h[6 q[?1006l[?1000l[?1002l[?1003l[1;1H[1;65r[4;33H[38:2:118:171:222m[1m  (B[m 
[38:2:136:223:64m[1m❯(B[m [K[?12h[?25h[5 q[?1006l[?1000l[?1002l[?1003l[?1006h[?1000h[?1002hP=2s\[?12h[?25h[6 qP=1s\[?25l[38:2:0:0:0m[48:2:118:171:222m[H0[38:2:118:171:222m[48:2:72:72:68m ~/.config/system-flake[38:2:72:72:68m[48:2:0:0:0m[38:2:253:251:238m                     [38:2:223:223:150m[48:2:36:36:34m0:zsh*[38:2:253:251:238m[48:2:0:0:0m                [38:2:72:72:68m[38:2:118:171:222m[48:2:72:72:68m 26,  5.3 (G) RAM [38:2:0:0:0m[48:2:118:171:222m25.14% CPU(B[m[?12h[?25h[6 q[5;3HP=2s\P=1s\[?25l[38:2:0:0:0m[48:2:118:171:222m[H0[38:2:118:171:222m[48:2:72:72:68m ~/.config/system-flake[38:2:72:72:68m[48:2:0:0:0m[38:2:253:251:238m                     [38:2:223:223:150m[48:2:36:36:34m0:zsh*[38:2:253:251:238m[48:2:0:0:0m                [38:2:72:72:68m[38:2:118:171:222m[48:2:72:72:68m 26,  5.3 (G) RAM [38:2:0:0:0m[48:2:118:171:222m21.32% CPU(B[m[?12h[?25h[6 q[5;3HP=2s\P=1s\[?25l[38:2:0:0:0m[48:2:118:171:222m[H0[38:2:118:171:222m[48:2:72:72:68m ~/.config/system-flake[38:2:72:72:68m[48:2:0:0:0m[38:2:253:251:238m                     [38:2:223:223:150m[48:2:36:36:34m0:zsh*[38:2:253:251:238m[48:2:0:0:0m                [38:2:72:72:68m[38:2:118:171:222m[48:2:72:72:68m 26,  5.3 (G) RAM [38:2:0:0:0m[48:2:118:171:222m21.39% CPU(B[m[?12h[?25h[6 q[5;3HP=2s\P=1s\[?25l[38:2:0:0:0m[48:2:118:171:222m[H0[38:2:118:171:222m[48:2:72:72:68m ~/.config/system-flake[38:2:72:72:68m[48:2:0:0:0m[38:2:253:251:238m                     [38:2:223:223:150m[48:2:36:36:34m0:zsh*[38:2:253:251:238m[48:2:0:0:0m                [38:2:72:72:68m[38:2:118:171:222m[48:2:72:72:68m 26,  5.3 (G) RAM [38:2:0:0:0m[48:2:118:171:222m21.55% CPU(B[m[?12h[?25h[6 q[5;3HP=2s\P=1s\[?25l[38:2:0:0:0m[48:2:118:171:222m[H0[38:2:118:171:222m[48:2:72:72:68m ~/.config/system-flake[38:2:72:72:68m[48:2:0:0:0m[38:2:253:251:238m                     [38:2:223:223:150m[48:2:36:36:34m0:zsh*[38:2:253:251:238m[48:2:0:0:0m                [38:2:72:72:68m[38:2:118:171:222m[48:2:72:72:68m 26,  5.3 (G) RAM [38:2:0:0:0m[48:2:118:171:222m29.32% CPU(B[m[?12h[?25h[6 q[5;3HP=2s\P=1s\[?25l[38:2:0:0:0m[48:2:118:171:222m[H0[38:2:118:171:222m[48:2:72:72:68m ~/.config/system-flake[38:2:72:72:68m[48:2:0:0:0m[38:2:253:251:238m                     [38:2:223:223:150m[48:2:36:36:34m0:zsh*[38:2:253:251:238m[48:2:0:0:0m                [38:2:72:72:68m[38:2:118:171:222m[48:2:72:72:68m 26,  5.3 (G) RAM [38:2:0:0:0m[48:2:118:171:222m25.28% CPU(B[m[?12h[?25h[6 q[5;3HP=2s\P=1s\[?25l[38:2:0:0:0m[48:2:118:171:222m[H0[38:2:118:171:222m[48:2:72:72:68m ~/.config/system-flake[38:2:72:72:68m[48:2:0:0:0m[38:2:253:251:238m                     [38:2:223:223:150m[48:2:36:36:34m0:zsh*[38:2:253:251:238m[48:2:0:0:0m                [38:2:72:72:68m[38:2:118:171:222m[48:2:72:72:68m 26,  5.3 (G) RAM [38:2:0:0:0m[48:2:118:171:222m21.35% CPU(B[m[?12h[?25h[6 q[5;3HP=2s\
