1743408288.323233 client started (25501): version 3.5a, socket /private/tmp/tmux-502/test, protocol 8
1743408288.323285 on Darwin 24.3.0 Darwin Kernel Version 24.3.0: Thu Jan  2 20:24:16 PST 2025; root:xnu-11215.81.4~3/RELEASE_ARM64_T6000
1743408288.323298 using libevent 2.1.12-stable select
1743408288.323308 using utf8proc 2.10.0
1743408288.323315 using ncurses 6.5 20240427
1743408288.323332 flags are 0x18010000
1743408288.323338 socket is /private/tmp/tmux-502/test
1743408288.323348 trying connect
1743408288.323362 connect failed: Connection refused
1743408288.323375 lock file is /private/tmp/tmux-502/test.lock
1743408288.323491 flock succeeded
1743408288.323498 got lock (6)
1743408288.323505 trying connect
1743408288.323514 connect failed: Connection refused
1743408288.323900 add peer 0x138008000: 7 (0x0)
1743408288.325532 sending message 111 to peer 0x138008000 (8 bytes)
1743408288.325540 sending message 111 to peer 0x138008000 (8 bytes)
1743408288.325546 sending message 101 to peer 0x138008000 (12 bytes)
1743408288.325551 sending message 109 to peer 0x138008000 (4 bytes)
1743408288.325556 sending message 102 to peer 0x138008000 (13 bytes)
1743408288.325561 sending message 108 to peer 0x138008000 (42 bytes)
1743408288.325566 sending message 112 to peer 0x138008000 (70 bytes)
1743408288.325571 sending message 112 to peer 0x138008000 (5 bytes)
1743408288.325576 sending message 112 to peer 0x138008000 (6 bytes)
1743408288.325580 sending message 112 to peer 0x138008000 (6 bytes)
1743408288.325585 sending message 112 to peer 0x138008000 (10 bytes)
1743408288.325590 sending message 112 to peer 0x138008000 (13 bytes)
1743408288.325595 sending message 112 to peer 0x138008000 (14 bytes)
1743408288.325599 sending message 112 to peer 0x138008000 (19 bytes)
1743408288.325605 sending message 112 to peer 0x138008000 (11 bytes)
1743408288.325609 sending message 112 to peer 0x138008000 (10 bytes)
1743408288.325614 sending message 112 to peer 0x138008000 (15 bytes)
1743408288.325619 sending message 112 to peer 0x138008000 (21 bytes)
1743408288.325624 sending message 112 to peer 0x138008000 (13 bytes)
1743408288.325628 sending message 112 to peer 0x138008000 (7 bytes)
1743408288.325633 sending message 112 to peer 0x138008000 (13 bytes)
1743408288.325638 sending message 112 to peer 0x138008000 (7 bytes)
1743408288.325643 sending message 112 to peer 0x138008000 (13 bytes)
1743408288.325648 sending message 112 to peer 0x138008000 (9 bytes)
1743408288.325652 sending message 112 to peer 0x138008000 (21 bytes)
1743408288.325657 sending message 112 to peer 0x138008000 (13 bytes)
1743408288.325662 sending message 112 to peer 0x138008000 (9 bytes)
1743408288.325667 sending message 112 to peer 0x138008000 (16 bytes)
1743408288.325672 sending message 112 to peer 0x138008000 (13 bytes)
1743408288.325676 sending message 112 to peer 0x138008000 (9 bytes)
1743408288.325683 sending message 112 to peer 0x138008000 (9 bytes)
1743408288.325688 sending message 112 to peer 0x138008000 (12 bytes)
1743408288.325693 sending message 112 to peer 0x138008000 (8 bytes)
1743408288.325697 sending message 112 to peer 0x138008000 (13 bytes)
1743408288.325702 sending message 112 to peer 0x138008000 (7 bytes)
1743408288.325707 sending message 112 to peer 0x138008000 (7 bytes)
1743408288.325712 sending message 112 to peer 0x138008000 (9 bytes)
1743408288.325716 sending message 112 to peer 0x138008000 (6 bytes)
1743408288.325721 sending message 112 to peer 0x138008000 (9 bytes)
1743408288.325726 sending message 112 to peer 0x138008000 (15 bytes)
1743408288.325730 sending message 112 to peer 0x138008000 (13 bytes)
1743408288.325735 sending message 112 to peer 0x138008000 (12 bytes)
1743408288.325740 sending message 112 to peer 0x138008000 (8 bytes)
1743408288.325745 sending message 112 to peer 0x138008000 (14 bytes)
1743408288.325750 sending message 112 to peer 0x138008000 (9 bytes)
1743408288.325754 sending message 112 to peer 0x138008000 (10 bytes)
1743408288.325759 sending message 112 to peer 0x138008000 (10 bytes)
1743408288.325763 sending message 112 to peer 0x138008000 (10 bytes)
1743408288.325782 sending message 112 to peer 0x138008000 (10 bytes)
1743408288.325786 sending message 112 to peer 0x138008000 (11 bytes)
1743408288.325790 sending message 112 to peer 0x138008000 (12 bytes)
1743408288.325794 sending message 112 to peer 0x138008000 (12 bytes)
1743408288.325797 sending message 112 to peer 0x138008000 (12 bytes)
1743408288.325801 sending message 112 to peer 0x138008000 (12 bytes)
1743408288.325804 sending message 112 to peer 0x138008000 (12 bytes)
1743408288.325808 sending message 112 to peer 0x138008000 (11 bytes)
1743408288.325811 sending message 112 to peer 0x138008000 (11 bytes)
1743408288.325815 sending message 112 to peer 0x138008000 (12 bytes)
1743408288.325818 sending message 112 to peer 0x138008000 (12 bytes)
1743408288.325822 sending message 112 to peer 0x138008000 (12 bytes)
1743408288.325827 sending message 112 to peer 0x138008000 (12 bytes)
1743408288.325830 sending message 112 to peer 0x138008000 (12 bytes)
1743408288.325834 sending message 112 to peer 0x138008000 (9 bytes)
1743408288.325837 sending message 112 to peer 0x138008000 (12 bytes)
1743408288.325841 sending message 112 to peer 0x138008000 (13 bytes)
1743408288.325844 sending message 112 to peer 0x138008000 (13 bytes)
1743408288.325848 sending message 112 to peer 0x138008000 (13 bytes)
1743408288.325851 sending message 112 to peer 0x138008000 (13 bytes)
1743408288.325855 sending message 112 to peer 0x138008000 (13 bytes)
1743408288.325858 sending message 112 to peer 0x138008000 (8 bytes)
1743408288.325861 sending message 112 to peer 0x138008000 (11 bytes)
1743408288.325865 sending message 112 to peer 0x138008000 (11 bytes)
1743408288.325868 sending message 112 to peer 0x138008000 (11 bytes)
1743408288.325872 sending message 112 to peer 0x138008000 (12 bytes)
1743408288.325875 sending message 112 to peer 0x138008000 (12 bytes)
1743408288.325879 sending message 112 to peer 0x138008000 (13 bytes)
1743408288.325882 sending message 112 to peer 0x138008000 (12 bytes)
1743408288.325886 sending message 112 to peer 0x138008000 (13 bytes)
1743408288.325891 sending message 112 to peer 0x138008000 (13 bytes)
1743408288.325895 sending message 112 to peer 0x138008000 (13 bytes)
1743408288.325899 sending message 112 to peer 0x138008000 (8 bytes)
1743408288.325903 sending message 112 to peer 0x138008000 (13 bytes)
1743408288.325906 sending message 112 to peer 0x138008000 (13 bytes)
1743408288.325910 sending message 112 to peer 0x138008000 (13 bytes)
1743408288.325914 sending message 112 to peer 0x138008000 (13 bytes)
1743408288.325917 sending message 112 to peer 0x138008000 (13 bytes)
1743408288.325922 sending message 112 to peer 0x138008000 (12 bytes)
1743408288.325925 sending message 112 to peer 0x138008000 (12 bytes)
1743408288.325928 sending message 112 to peer 0x138008000 (13 bytes)
1743408288.325931 sending message 112 to peer 0x138008000 (12 bytes)
1743408288.325934 sending message 112 to peer 0x138008000 (13 bytes)
1743408288.325937 sending message 112 to peer 0x138008000 (8 bytes)
1743408288.325940 sending message 112 to peer 0x138008000 (13 bytes)
1743408288.325943 sending message 112 to peer 0x138008000 (13 bytes)
1743408288.325946 sending message 112 to peer 0x138008000 (13 bytes)
1743408288.325948 sending message 112 to peer 0x138008000 (13 bytes)
1743408288.325952 sending message 112 to peer 0x138008000 (13 bytes)
1743408288.325955 sending message 112 to peer 0x138008000 (13 bytes)
1743408288.325959 sending message 112 to peer 0x138008000 (13 bytes)
1743408288.325962 sending message 112 to peer 0x138008000 (12 bytes)
1743408288.325966 sending message 112 to peer 0x138008000 (12 bytes)
1743408288.325969 sending message 112 to peer 0x138008000 (13 bytes)
1743408288.325973 sending message 112 to peer 0x138008000 (8 bytes)
1743408288.325977 sending message 112 to peer 0x138008000 (12 bytes)
1743408288.325979 sending message 112 to peer 0x138008000 (13 bytes)
1743408288.325983 sending message 112 to peer 0x138008000 (13 bytes)
1743408288.325986 sending message 112 to peer 0x138008000 (13 bytes)
1743408288.325989 sending message 112 to peer 0x138008000 (13 bytes)
1743408288.325997 sending message 112 to peer 0x138008000 (13 bytes)
1743408288.326002 sending message 112 to peer 0x138008000 (13 bytes)
1743408288.326005 sending message 112 to peer 0x138008000 (13 bytes)
1743408288.326008 sending message 112 to peer 0x138008000 (13 bytes)
1743408288.326012 sending message 112 to peer 0x138008000 (12 bytes)
1743408288.326015 sending message 112 to peer 0x138008000 (10 bytes)
1743408288.326019 sending message 112 to peer 0x138008000 (12 bytes)
1743408288.326022 sending message 112 to peer 0x138008000 (13 bytes)
1743408288.326026 sending message 112 to peer 0x138008000 (12 bytes)
1743408288.326029 sending message 112 to peer 0x138008000 (13 bytes)
1743408288.326032 sending message 112 to peer 0x138008000 (13 bytes)
1743408288.326036 sending message 112 to peer 0x138008000 (13 bytes)
1743408288.326040 sending message 112 to peer 0x138008000 (13 bytes)
1743408288.326043 sending message 112 to peer 0x138008000 (13 bytes)
1743408288.326047 sending message 112 to peer 0x138008000 (13 bytes)
1743408288.326050 sending message 112 to peer 0x138008000 (13 bytes)
1743408288.326054 sending message 112 to peer 0x138008000 (10 bytes)
1743408288.326058 sending message 112 to peer 0x138008000 (13 bytes)
1743408288.326062 sending message 112 to peer 0x138008000 (12 bytes)
1743408288.326065 sending message 112 to peer 0x138008000 (12 bytes)
1743408288.326068 sending message 112 to peer 0x138008000 (13 bytes)
1743408288.326072 sending message 112 to peer 0x138008000 (10 bytes)
1743408288.326075 sending message 112 to peer 0x138008000 (10 bytes)
1743408288.326078 sending message 112 to peer 0x138008000 (10 bytes)
1743408288.326082 sending message 112 to peer 0x138008000 (12 bytes)
1743408288.326086 sending message 112 to peer 0x138008000 (13 bytes)
1743408288.326090 sending message 112 to peer 0x138008000 (13 bytes)
1743408288.326093 sending message 112 to peer 0x138008000 (13 bytes)
1743408288.326097 sending message 112 to peer 0x138008000 (13 bytes)
1743408288.326101 sending message 112 to peer 0x138008000 (13 bytes)
1743408288.326104 sending message 112 to peer 0x138008000 (10 bytes)
1743408288.326108 sending message 112 to peer 0x138008000 (11 bytes)
1743408288.326110 sending message 112 to peer 0x138008000 (12 bytes)
1743408288.326113 sending message 112 to peer 0x138008000 (12 bytes)
1743408288.326116 sending message 112 to peer 0x138008000 (12 bytes)
1743408288.326119 sending message 112 to peer 0x138008000 (12 bytes)
1743408288.326123 sending message 112 to peer 0x138008000 (12 bytes)
1743408288.326126 sending message 112 to peer 0x138008000 (11 bytes)
1743408288.326130 sending message 112 to peer 0x138008000 (12 bytes)
1743408288.326133 sending message 112 to peer 0x138008000 (12 bytes)
1743408288.326137 sending message 112 to peer 0x138008000 (13 bytes)
1743408288.326140 sending message 112 to peer 0x138008000 (13 bytes)
1743408288.326144 sending message 112 to peer 0x138008000 (13 bytes)
1743408288.326148 sending message 112 to peer 0x138008000 (13 bytes)
1743408288.326152 sending message 112 to peer 0x138008000 (13 bytes)
1743408288.326156 sending message 112 to peer 0x138008000 (10 bytes)
1743408288.326160 sending message 112 to peer 0x138008000 (9 bytes)
1743408288.326164 sending message 112 to peer 0x138008000 (12 bytes)
1743408288.326167 sending message 112 to peer 0x138008000 (13 bytes)
1743408288.326171 sending message 112 to peer 0x138008000 (13 bytes)
1743408288.326174 sending message 112 to peer 0x138008000 (13 bytes)
1743408288.326178 sending message 112 to peer 0x138008000 (13 bytes)
1743408288.326181 sending message 112 to peer 0x138008000 (13 bytes)
1743408288.326185 sending message 112 to peer 0x138008000 (9 bytes)
1743408288.326188 sending message 112 to peer 0x138008000 (12 bytes)
1743408288.326191 sending message 112 to peer 0x138008000 (13 bytes)
1743408288.326195 sending message 112 to peer 0x138008000 (13 bytes)
1743408288.326198 sending message 112 to peer 0x138008000 (13 bytes)
1743408288.326201 sending message 112 to peer 0x138008000 (13 bytes)
1743408288.326210 sending message 112 to peer 0x138008000 (13 bytes)
1743408288.326214 sending message 112 to peer 0x138008000 (11 bytes)
1743408288.326218 sending message 112 to peer 0x138008000 (12 bytes)
1743408288.326221 sending message 112 to peer 0x138008000 (13 bytes)
1743408288.326225 sending message 112 to peer 0x138008000 (13 bytes)
1743408288.326227 sending message 112 to peer 0x138008000 (13 bytes)
1743408288.326230 sending message 112 to peer 0x138008000 (13 bytes)
1743408288.326234 sending message 112 to peer 0x138008000 (13 bytes)
1743408288.326237 sending message 112 to peer 0x138008000 (11 bytes)
1743408288.326240 sending message 112 to peer 0x138008000 (12 bytes)
1743408288.326244 sending message 112 to peer 0x138008000 (12 bytes)
1743408288.326248 sending message 112 to peer 0x138008000 (12 bytes)
1743408288.326252 sending message 112 to peer 0x138008000 (12 bytes)
1743408288.326256 sending message 112 to peer 0x138008000 (12 bytes)
1743408288.326260 sending message 112 to peer 0x138008000 (22 bytes)
1743408288.326263 sending message 112 to peer 0x138008000 (12 bytes)
1743408288.326266 sending message 112 to peer 0x138008000 (9 bytes)
1743408288.326270 sending message 112 to peer 0x138008000 (6 bytes)
1743408288.326273 sending message 112 to peer 0x138008000 (13 bytes)
1743408288.326277 sending message 112 to peer 0x138008000 (10 bytes)
1743408288.326281 sending message 112 to peer 0x138008000 (15 bytes)
1743408288.326284 sending message 112 to peer 0x138008000 (11 bytes)
1743408288.326287 sending message 112 to peer 0x138008000 (9 bytes)
1743408288.326290 sending message 112 to peer 0x138008000 (70 bytes)
1743408288.326294 sending message 112 to peer 0x138008000 (69 bytes)
1743408288.326297 sending message 112 to peer 0x138008000 (34 bytes)
1743408288.326301 sending message 112 to peer 0x138008000 (34 bytes)
1743408288.326304 sending message 112 to peer 0x138008000 (69 bytes)
1743408288.326308 sending message 112 to peer 0x138008000 (12 bytes)
1743408288.326313 sending message 112 to peer 0x138008000 (10 bytes)
1743408288.326316 sending message 112 to peer 0x138008000 (10 bytes)
1743408288.326319 sending message 112 to peer 0x138008000 (15 bytes)
1743408288.326323 sending message 112 to peer 0x138008000 (11 bytes)
1743408288.326327 sending message 112 to peer 0x138008000 (10 bytes)
1743408288.326332 sending message 112 to peer 0x138008000 (10 bytes)
1743408288.326336 sending message 112 to peer 0x138008000 (17 bytes)
1743408288.326340 sending message 112 to peer 0x138008000 (10 bytes)
1743408288.326344 sending message 112 to peer 0x138008000 (13 bytes)
1743408288.326347 sending message 112 to peer 0x138008000 (17 bytes)
1743408288.326351 sending message 112 to peer 0x138008000 (5 bytes)
1743408288.326353 sending message 112 to peer 0x138008000 (9 bytes)
1743408288.326357 sending message 112 to peer 0x138008000 (15 bytes)
1743408288.326363 sending message 104 to peer 0x138008000 (0 bytes)
1743408288.326367 sending message 110 to peer 0x138008000 (0 bytes)
1743408288.326371 sending message 107 to peer 0x138008000 (4 bytes)
1743408288.326375 sending message 105 to peer 0x138008000 (19 bytes)
1743408288.326379 sending message 105 to peer 0x138008000 (20 bytes)
1743408288.326383 sending message 105 to peer 0x138008000 (18 bytes)
1743408288.326386 sending message 105 to peer 0x138008000 (22 bytes)
1743408288.326390 sending message 105 to peer 0x138008000 (54 bytes)
1743408288.326394 sending message 105 to peer 0x138008000 (24 bytes)
1743408288.326397 sending message 105 to peer 0x138008000 (228 bytes)
1743408288.326401 sending message 105 to peer 0x138008000 (57 bytes)
1743408288.326404 sending message 105 to peer 0x138008000 (17 bytes)
1743408288.326408 sending message 105 to peer 0x138008000 (67 bytes)
1743408288.326411 sending message 105 to peer 0x138008000 (72 bytes)
1743408288.326415 sending message 105 to peer 0x138008000 (42 bytes)
1743408288.326419 sending message 105 to peer 0x138008000 (66 bytes)
1743408288.326422 sending message 105 to peer 0x138008000 (56 bytes)
1743408288.326425 sending message 105 to peer 0x138008000 (19 bytes)
1743408288.326438 sending message 105 to peer 0x138008000 (14 bytes)
1743408288.326442 sending message 105 to peer 0x138008000 (14 bytes)
1743408288.326446 sending message 105 to peer 0x138008000 (60 bytes)
1743408288.326449 sending message 105 to peer 0x138008000 (13 bytes)
1743408288.326453 sending message 105 to peer 0x138008000 (17 bytes)
1743408288.326458 sending message 105 to peer 0x138008000 (36 bytes)
1743408288.326461 sending message 105 to peer 0x138008000 (26 bytes)
1743408288.326463 sending message 105 to peer 0x138008000 (15 bytes)
1743408288.326467 sending message 105 to peer 0x138008000 (38 bytes)
1743408288.326470 sending message 105 to peer 0x138008000 (22 bytes)
1743408288.326474 sending message 105 to peer 0x138008000 (46 bytes)
1743408288.326477 sending message 105 to peer 0x138008000 (8 bytes)
1743408288.326481 sending message 105 to peer 0x138008000 (41 bytes)
1743408288.326484 sending message 105 to peer 0x138008000 (36 bytes)
1743408288.326488 sending message 105 to peer 0x138008000 (12 bytes)
1743408288.326491 sending message 105 to peer 0x138008000 (76 bytes)
1743408288.326499 sending message 105 to peer 0x138008000 (53 bytes)
1743408288.326503 sending message 105 to peer 0x138008000 (14 bytes)
1743408288.326506 sending message 105 to peer 0x138008000 (166 bytes)
1743408288.326510 sending message 105 to peer 0x138008000 (127 bytes)
1743408288.326514 sending message 105 to peer 0x138008000 (119 bytes)
1743408288.326517 sending message 105 to peer 0x138008000 (66 bytes)
1743408288.326521 sending message 105 to peer 0x138008000 (100 bytes)
1743408288.326525 sending message 105 to peer 0x138008000 (25 bytes)
1743408288.326529 sending message 105 to peer 0x138008000 (184 bytes)
1743408288.326532 sending message 105 to peer 0x138008000 (46 bytes)
1743408288.326535 sending message 105 to peer 0x138008000 (20 bytes)
1743408288.326539 sending message 105 to peer 0x138008000 (14 bytes)
1743408288.326543 sending message 105 to peer 0x138008000 (13 bytes)
1743408288.326545 sending message 105 to peer 0x138008000 (29 bytes)
1743408288.326549 sending message 105 to peer 0x138008000 (30 bytes)
1743408288.326552 sending message 105 to peer 0x138008000 (37 bytes)
1743408288.326556 sending message 105 to peer 0x138008000 (34 bytes)
1743408288.326560 sending message 105 to peer 0x138008000 (35 bytes)
1743408288.326563 sending message 105 to peer 0x138008000 (16 bytes)
1743408288.326567 sending message 105 to peer 0x138008000 (16 bytes)
1743408288.326571 sending message 105 to peer 0x138008000 (13 bytes)
1743408288.326573 sending message 105 to peer 0x138008000 (19 bytes)
1743408288.326576 sending message 105 to peer 0x138008000 (38 bytes)
1743408288.326580 sending message 105 to peer 0x138008000 (45 bytes)
1743408288.326583 sending message 106 to peer 0x138008000 (0 bytes)
1743408288.326627 cmd_pack_argv: argv[0]=new-session
1743408288.326632 cmd_pack_argv: argv[1]=echo /bin/zsh; exec /bin/zsh
1743408288.326636 sending message 200 to peer 0x138008000 (45 bytes)
1743408288.326640 client loop enter
1743408288.326654 client_signal: Child exited: 20
1743408290.187802 peer 0x138008000 message 207
1743408290.187828 sending message 208 to peer 0x138008000 (0 bytes)
1743408299.169602 peer 0x138008000 message 203
1743408299.169656 sending message 205 to peer 0x138008000 (0 bytes)
1743408299.169989 peer 0x138008000 message 204
1743408299.170003 client loop exit
